========================================================================= 
Log Path: /home/ubuntu/git/airmeas/airmeas/log/airmeas.log 
Program Path: /home/ubuntu/git/airmeas/airmeas/airmeasopg2.R 
Working Directory: /home/ubuntu/git/airmeas/airmeas 
User Name: ubuntu 
R Version: 4.3.3 (2024-02-29) 
Machine: ip-172-31-26-80 x86_64 
Operating System: Linux 6.8.0-1019-aws #21-Ubuntu SMP Wed Nov 6 21:21:49 UTC 2024 
Base Packages: stats graphics grDevices utils datasets methods base 
Other Packages: logger_0.4.0 logr_1.3.8 common_1.1.3 RMariaDB_1.3.3 DBI_1.2.3 dplyr_1.1.4 rvest_1.0.4 jsonlite_1.8.9 httr_1.4.7 
Log Start Time: 2024-12-10 10:36:28.39199 
========================================================================= 

Script starting 

NOTE: Log Print Time:  2024-12-10 10:36:28.393947 
NOTE: Elapsed Time: 0.00137710571289062 secs 

Establishing database connection 

NOTE: Log Print Time:  2024-12-10 10:36:28.394966 
NOTE: Elapsed Time: 0.00101900100708008 secs 

Database connection established 

NOTE: Log Print Time:  2024-12-10 10:36:28.551612 
NOTE: Elapsed Time: 0.156646728515625 secs 

Fetching data for station: Anholt 

NOTE: Log Print Time:  2024-12-10 10:36:28.56707 
NOTE: Elapsed Time: 0.0154581069946289 secs 

Data added for station: Anholt 

NOTE: Log Print Time:  2024-12-10 10:36:31.907336 
NOTE: Elapsed Time: 3.34026551246643 secs 

Fetching data for station: HCAB 

NOTE: Log Print Time:  2024-12-10 10:36:31.907961 
NOTE: Elapsed Time: 0.000624895095825195 secs 

Data added for station: HCAB 

NOTE: Log Print Time:  2024-12-10 10:36:36.704605 
NOTE: Elapsed Time: 4.79664373397827 secs 

Fetching data for station: Risø 

NOTE: Log Print Time:  2024-12-10 10:36:36.705226 
NOTE: Elapsed Time: 0.000621795654296875 secs 

Data added for station: Risø 

NOTE: Log Print Time:  2024-12-10 10:36:40.982525 
NOTE: Elapsed Time: 4.27729821205139 secs 

Fetching data for station: Aarhus 

NOTE: Log Print Time:  2024-12-10 10:36:40.983404 
NOTE: Elapsed Time: 0.000879764556884766 secs 

Data added for station: Aarhus 

NOTE: Log Print Time:  2024-12-10 10:36:44.409719 
NOTE: Elapsed Time: 3.42631483078003 secs 

Closing database connection 

NOTE: Log Print Time:  2024-12-10 10:36:44.410942 
NOTE: Elapsed Time: 0.00122237205505371 secs 

Script finished 

NOTE: Log Print Time:  2024-12-10 10:36:44.412759 
NOTE: Elapsed Time: 0.00181770324707031 secs 

========================================================================= 
Log End Time: 2024-12-10 10:36:44.413354 
Log Elapsed Time: 0 00:00:16 
========================================================================= 
